<?xml version="1.0" encoding="UTF-8"?>
<!-- Generated by org.testng.reporters.JUnitXMLReporter -->
<testsuite hostname="Dell" ignored="0" name="Test" tests="4" failures="0" timestamp="17 Jun 2021 06:41:01 GMT" time="12.007" errors="0">
  <testcase name="@BeforeMethod initializeBrowser" time="4.986" classname="com.test.LoginTest">
    <failure type="org.openqa.selenium.SessionNotCreatedException" message="session not created: This version of ChromeDriver only supports Chrome version 88
Current browser version is 91.0.4472.106 with binary path C:\Program Files\Google\Chrome\Application\chrome.exe
Build info: version: &amp;apos;3.141.59&amp;apos;, revision: &amp;apos;e82be7d358&amp;apos;, time: &amp;apos;2018-11-14T08:17:03&amp;apos;
System info: host: &amp;apos;DELL&amp;apos;, ip: &amp;apos;192.168.43.210&amp;apos;, os.name: &amp;apos;Windows 7&amp;apos;, os.arch: &amp;apos;amd64&amp;apos;, os.version: &amp;apos;6.1&amp;apos;, java.version: &amp;apos;1.8.0_144&amp;apos;
Driver info: driver.version: ChromeDriver
remote stacktrace: Backtrace:
	GetHandleVerifier [0x00B1B963+483]
	GetHandleVerifier [0x00B1B941+449]
	GetHandleVerifier [0x00EC3308+3832712]
	GetHandleVerifier [0x00EDD69A+3940122]
	GetHandleVerifier [0x00ED9AFB+3924859]
	GetHandleVerifier [0x00ED7D9C+3917340]
	GetHandleVerifier [0x00EFE7FE+4075646]
	GetHandleVerifier [0x00EFE56C+4074988]
	GetHandleVerifier [0x00EFB2EB+4062059]
	GetHandleVerifier [0x00EDED14+3945876]
	GetHandleVerifier [0x00EDFBCE+3949646]
	GetHandleVerifier [0x00EDFB59+3949529]
	Ordinal0 [0x00ADB5CC+46540]
	Ordinal0 [0x00AD9F53+40787]
	Ordinal0 [0x00AD9B12+39698]
	GetHandleVerifier [0x00DE1468+2907368]
	GetHandleVerifier [0x00C271EE+1096302]
	GetHandleVerifier [0x00BE3E8D+821005]
	GetHandleVerifier [0x00BE396B+819691]
	GetHandleVerifier [0x00BE3881+819457]
	GetHandleVerifier [0x00C0F463+998627]
	BaseThreadInitThunk [0x7697344D+18]
	RtlInitializeExceptionChain [0x77459802+99]
	RtlInitializeExceptionChain [0x774597D5+54]
">
      <![CDATA[org.openqa.selenium.SessionNotCreatedException: session not created: This version of ChromeDriver only supports Chrome version 88
Current browser version is 91.0.4472.106 with binary path C:\Program Files\Google\Chrome\Application\chrome.exe
Build info: version: '3.141.59', revision: 'e82be7d358', time: '2018-11-14T08:17:03'
System info: host: 'DELL', ip: '192.168.43.210', os.name: 'Windows 7', os.arch: 'amd64', os.version: '6.1', java.version: '1.8.0_144'
Driver info: driver.version: ChromeDriver
remote stacktrace: Backtrace:
GetHandleVerifier [0x00B1B963+483]
GetHandleVerifier [0x00B1B941+449]
GetHandleVerifier [0x00EC3308+3832712]
GetHandleVerifier [0x00EDD69A+3940122]
GetHandleVerifier [0x00ED9AFB+3924859]
GetHandleVerifier [0x00ED7D9C+3917340]
GetHandleVerifier [0x00EFE7FE+4075646]
GetHandleVerifier [0x00EFE56C+4074988]
GetHandleVerifier [0x00EFB2EB+4062059]
GetHandleVerifier [0x00EDED14+3945876]
GetHandleVerifier [0x00EDFBCE+3949646]
GetHandleVerifier [0x00EDFB59+3949529]
Ordinal0 [0x00ADB5CC+46540]
Ordinal0 [0x00AD9F53+40787]
Ordinal0 [0x00AD9B12+39698]
GetHandleVerifier [0x00DE1468+2907368]
GetHandleVerifier [0x00C271EE+1096302]
GetHandleVerifier [0x00BE3E8D+821005]
GetHandleVerifier [0x00BE396B+819691]
GetHandleVerifier [0x00BE3881+819457]
GetHandleVerifier [0x00C0F463+998627]
BaseThreadInitThunk [0x7697344D+18]
RtlInitializeExceptionChain [0x77459802+99]
RtlInitializeExceptionChain [0x774597D5+54]

at org.openqa.selenium.remote.W3CHandshakeResponse.lambda$errorHandler$0(W3CHandshakeResponse.java:62)
at org.openqa.selenium.remote.HandshakeResponse.lambda$getResponseFunction$0(HandshakeResponse.java:30)
at org.openqa.selenium.remote.ProtocolHandshake.lambda$createSession$0(ProtocolHandshake.java:126)
at java.util.stream.ReferencePipeline$3$1.accept(Unknown Source)
at java.util.Spliterators$ArraySpliterator.tryAdvance(Unknown Source)
at java.util.stream.ReferencePipeline.forEachWithCancel(Unknown Source)
at java.util.stream.AbstractPipeline.copyIntoWithCancel(Unknown Source)
at java.util.stream.AbstractPipeline.copyInto(Unknown Source)
at java.util.stream.AbstractPipeline.wrapAndCopyInto(Unknown Source)
at java.util.stream.FindOps$FindOp.evaluateSequential(Unknown Source)
at java.util.stream.AbstractPipeline.evaluate(Unknown Source)
at java.util.stream.ReferencePipeline.findFirst(Unknown Source)
at org.openqa.selenium.remote.ProtocolHandshake.createSession(ProtocolHandshake.java:128)
at org.openqa.selenium.remote.ProtocolHandshake.createSession(ProtocolHandshake.java:74)
at org.openqa.selenium.remote.HttpCommandExecutor.execute(HttpCommandExecutor.java:136)
at org.openqa.selenium.remote.service.DriverCommandExecutor.execute(DriverCommandExecutor.java:83)
at org.openqa.selenium.remote.RemoteWebDriver.execute(RemoteWebDriver.java:552)
at org.openqa.selenium.remote.RemoteWebDriver.startSession(RemoteWebDriver.java:213)
at org.openqa.selenium.remote.RemoteWebDriver.<init>(RemoteWebDriver.java:131)
at org.openqa.selenium.chrome.ChromeDriver.<init>(ChromeDriver.java:181)
at org.openqa.selenium.chrome.ChromeDriver.<init>(ChromeDriver.java:168)
at org.openqa.selenium.chrome.ChromeDriver.<init>(ChromeDriver.java:157)
at com.base.BrowerFactory.browserInstance(BrowerFactory.java:31)
at com.base.BaseClass.initializeDriver(BaseClass.java:16)
at com.test.LoginTest.initializeBrowser(LoginTest.java:30)
... Removed 32 stack frames]]>
    </failure>
  </testcase> <!-- @BeforeMethod initializeBrowser -->
  <testcase name="@BeforeMethod initializeBrowser" time="2.35" classname="com.test.LoginTest">
    <failure type="org.openqa.selenium.SessionNotCreatedException" message="session not created: This version of ChromeDriver only supports Chrome version 88
Current browser version is 91.0.4472.106 with binary path C:\Program Files\Google\Chrome\Application\chrome.exe
Build info: version: &amp;apos;3.141.59&amp;apos;, revision: &amp;apos;e82be7d358&amp;apos;, time: &amp;apos;2018-11-14T08:17:03&amp;apos;
System info: host: &amp;apos;DELL&amp;apos;, ip: &amp;apos;192.168.43.210&amp;apos;, os.name: &amp;apos;Windows 7&amp;apos;, os.arch: &amp;apos;amd64&amp;apos;, os.version: &amp;apos;6.1&amp;apos;, java.version: &amp;apos;1.8.0_144&amp;apos;
Driver info: driver.version: ChromeDriver
remote stacktrace: Backtrace:
	GetHandleVerifier [0x00B1B963+483]
	GetHandleVerifier [0x00B1B941+449]
	GetHandleVerifier [0x00EC3308+3832712]
	GetHandleVerifier [0x00EDD69A+3940122]
	GetHandleVerifier [0x00ED9AFB+3924859]
	GetHandleVerifier [0x00ED7D9C+3917340]
	GetHandleVerifier [0x00EFE7FE+4075646]
	GetHandleVerifier [0x00EFE56C+4074988]
	GetHandleVerifier [0x00EFB2EB+4062059]
	GetHandleVerifier [0x00EDED14+3945876]
	GetHandleVerifier [0x00EDFBCE+3949646]
	GetHandleVerifier [0x00EDFB59+3949529]
	Ordinal0 [0x00ADB5CC+46540]
	Ordinal0 [0x00AD9F53+40787]
	Ordinal0 [0x00AD9B12+39698]
	GetHandleVerifier [0x00DE1468+2907368]
	GetHandleVerifier [0x00C271EE+1096302]
	GetHandleVerifier [0x00BE3E8D+821005]
	GetHandleVerifier [0x00BE396B+819691]
	GetHandleVerifier [0x00BE3881+819457]
	GetHandleVerifier [0x00C0F463+998627]
	BaseThreadInitThunk [0x7697344D+18]
	RtlInitializeExceptionChain [0x77459802+99]
	RtlInitializeExceptionChain [0x774597D5+54]
">
      <![CDATA[org.openqa.selenium.SessionNotCreatedException: session not created: This version of ChromeDriver only supports Chrome version 88
Current browser version is 91.0.4472.106 with binary path C:\Program Files\Google\Chrome\Application\chrome.exe
Build info: version: '3.141.59', revision: 'e82be7d358', time: '2018-11-14T08:17:03'
System info: host: 'DELL', ip: '192.168.43.210', os.name: 'Windows 7', os.arch: 'amd64', os.version: '6.1', java.version: '1.8.0_144'
Driver info: driver.version: ChromeDriver
remote stacktrace: Backtrace:
GetHandleVerifier [0x00B1B963+483]
GetHandleVerifier [0x00B1B941+449]
GetHandleVerifier [0x00EC3308+3832712]
GetHandleVerifier [0x00EDD69A+3940122]
GetHandleVerifier [0x00ED9AFB+3924859]
GetHandleVerifier [0x00ED7D9C+3917340]
GetHandleVerifier [0x00EFE7FE+4075646]
GetHandleVerifier [0x00EFE56C+4074988]
GetHandleVerifier [0x00EFB2EB+4062059]
GetHandleVerifier [0x00EDED14+3945876]
GetHandleVerifier [0x00EDFBCE+3949646]
GetHandleVerifier [0x00EDFB59+3949529]
Ordinal0 [0x00ADB5CC+46540]
Ordinal0 [0x00AD9F53+40787]
Ordinal0 [0x00AD9B12+39698]
GetHandleVerifier [0x00DE1468+2907368]
GetHandleVerifier [0x00C271EE+1096302]
GetHandleVerifier [0x00BE3E8D+821005]
GetHandleVerifier [0x00BE396B+819691]
GetHandleVerifier [0x00BE3881+819457]
GetHandleVerifier [0x00C0F463+998627]
BaseThreadInitThunk [0x7697344D+18]
RtlInitializeExceptionChain [0x77459802+99]
RtlInitializeExceptionChain [0x774597D5+54]

at org.openqa.selenium.remote.W3CHandshakeResponse.lambda$errorHandler$0(W3CHandshakeResponse.java:62)
at org.openqa.selenium.remote.HandshakeResponse.lambda$getResponseFunction$0(HandshakeResponse.java:30)
at org.openqa.selenium.remote.ProtocolHandshake.lambda$createSession$0(ProtocolHandshake.java:126)
at java.util.stream.ReferencePipeline$3$1.accept(Unknown Source)
at java.util.Spliterators$ArraySpliterator.tryAdvance(Unknown Source)
at java.util.stream.ReferencePipeline.forEachWithCancel(Unknown Source)
at java.util.stream.AbstractPipeline.copyIntoWithCancel(Unknown Source)
at java.util.stream.AbstractPipeline.copyInto(Unknown Source)
at java.util.stream.AbstractPipeline.wrapAndCopyInto(Unknown Source)
at java.util.stream.FindOps$FindOp.evaluateSequential(Unknown Source)
at java.util.stream.AbstractPipeline.evaluate(Unknown Source)
at java.util.stream.ReferencePipeline.findFirst(Unknown Source)
at org.openqa.selenium.remote.ProtocolHandshake.createSession(ProtocolHandshake.java:128)
at org.openqa.selenium.remote.ProtocolHandshake.createSession(ProtocolHandshake.java:74)
at org.openqa.selenium.remote.HttpCommandExecutor.execute(HttpCommandExecutor.java:136)
at org.openqa.selenium.remote.service.DriverCommandExecutor.execute(DriverCommandExecutor.java:83)
at org.openqa.selenium.remote.RemoteWebDriver.execute(RemoteWebDriver.java:552)
at org.openqa.selenium.remote.RemoteWebDriver.startSession(RemoteWebDriver.java:213)
at org.openqa.selenium.remote.RemoteWebDriver.<init>(RemoteWebDriver.java:131)
at org.openqa.selenium.chrome.ChromeDriver.<init>(ChromeDriver.java:181)
at org.openqa.selenium.chrome.ChromeDriver.<init>(ChromeDriver.java:168)
at org.openqa.selenium.chrome.ChromeDriver.<init>(ChromeDriver.java:157)
at com.base.BrowerFactory.browserInstance(BrowerFactory.java:31)
at com.base.BaseClass.initializeDriver(BaseClass.java:16)
at com.test.LoginTest.initializeBrowser(LoginTest.java:30)
... Removed 32 stack frames]]>
    </failure>
  </testcase> <!-- @BeforeMethod initializeBrowser -->
  <testcase name="@BeforeMethod initializeBrowser" time="2.427" classname="com.test.LoginTest">
    <failure type="org.openqa.selenium.SessionNotCreatedException" message="session not created: This version of ChromeDriver only supports Chrome version 88
Current browser version is 91.0.4472.106 with binary path C:\Program Files\Google\Chrome\Application\chrome.exe
Build info: version: &amp;apos;3.141.59&amp;apos;, revision: &amp;apos;e82be7d358&amp;apos;, time: &amp;apos;2018-11-14T08:17:03&amp;apos;
System info: host: &amp;apos;DELL&amp;apos;, ip: &amp;apos;192.168.43.210&amp;apos;, os.name: &amp;apos;Windows 7&amp;apos;, os.arch: &amp;apos;amd64&amp;apos;, os.version: &amp;apos;6.1&amp;apos;, java.version: &amp;apos;1.8.0_144&amp;apos;
Driver info: driver.version: ChromeDriver
remote stacktrace: Backtrace:
	GetHandleVerifier [0x00B1B963+483]
	GetHandleVerifier [0x00B1B941+449]
	GetHandleVerifier [0x00EC3308+3832712]
	GetHandleVerifier [0x00EDD69A+3940122]
	GetHandleVerifier [0x00ED9AFB+3924859]
	GetHandleVerifier [0x00ED7D9C+3917340]
	GetHandleVerifier [0x00EFE7FE+4075646]
	GetHandleVerifier [0x00EFE56C+4074988]
	GetHandleVerifier [0x00EFB2EB+4062059]
	GetHandleVerifier [0x00EDED14+3945876]
	GetHandleVerifier [0x00EDFBCE+3949646]
	GetHandleVerifier [0x00EDFB59+3949529]
	Ordinal0 [0x00ADB5CC+46540]
	Ordinal0 [0x00AD9F53+40787]
	Ordinal0 [0x00AD9B12+39698]
	GetHandleVerifier [0x00DE1468+2907368]
	GetHandleVerifier [0x00C271EE+1096302]
	GetHandleVerifier [0x00BE3E8D+821005]
	GetHandleVerifier [0x00BE396B+819691]
	GetHandleVerifier [0x00BE3881+819457]
	GetHandleVerifier [0x00C0F463+998627]
	BaseThreadInitThunk [0x7697344D+18]
	RtlInitializeExceptionChain [0x77459802+99]
	RtlInitializeExceptionChain [0x774597D5+54]
">
      <![CDATA[org.openqa.selenium.SessionNotCreatedException: session not created: This version of ChromeDriver only supports Chrome version 88
Current browser version is 91.0.4472.106 with binary path C:\Program Files\Google\Chrome\Application\chrome.exe
Build info: version: '3.141.59', revision: 'e82be7d358', time: '2018-11-14T08:17:03'
System info: host: 'DELL', ip: '192.168.43.210', os.name: 'Windows 7', os.arch: 'amd64', os.version: '6.1', java.version: '1.8.0_144'
Driver info: driver.version: ChromeDriver
remote stacktrace: Backtrace:
GetHandleVerifier [0x00B1B963+483]
GetHandleVerifier [0x00B1B941+449]
GetHandleVerifier [0x00EC3308+3832712]
GetHandleVerifier [0x00EDD69A+3940122]
GetHandleVerifier [0x00ED9AFB+3924859]
GetHandleVerifier [0x00ED7D9C+3917340]
GetHandleVerifier [0x00EFE7FE+4075646]
GetHandleVerifier [0x00EFE56C+4074988]
GetHandleVerifier [0x00EFB2EB+4062059]
GetHandleVerifier [0x00EDED14+3945876]
GetHandleVerifier [0x00EDFBCE+3949646]
GetHandleVerifier [0x00EDFB59+3949529]
Ordinal0 [0x00ADB5CC+46540]
Ordinal0 [0x00AD9F53+40787]
Ordinal0 [0x00AD9B12+39698]
GetHandleVerifier [0x00DE1468+2907368]
GetHandleVerifier [0x00C271EE+1096302]
GetHandleVerifier [0x00BE3E8D+821005]
GetHandleVerifier [0x00BE396B+819691]
GetHandleVerifier [0x00BE3881+819457]
GetHandleVerifier [0x00C0F463+998627]
BaseThreadInitThunk [0x7697344D+18]
RtlInitializeExceptionChain [0x77459802+99]
RtlInitializeExceptionChain [0x774597D5+54]

at org.openqa.selenium.remote.W3CHandshakeResponse.lambda$errorHandler$0(W3CHandshakeResponse.java:62)
at org.openqa.selenium.remote.HandshakeResponse.lambda$getResponseFunction$0(HandshakeResponse.java:30)
at org.openqa.selenium.remote.ProtocolHandshake.lambda$createSession$0(ProtocolHandshake.java:126)
at java.util.stream.ReferencePipeline$3$1.accept(Unknown Source)
at java.util.Spliterators$ArraySpliterator.tryAdvance(Unknown Source)
at java.util.stream.ReferencePipeline.forEachWithCancel(Unknown Source)
at java.util.stream.AbstractPipeline.copyIntoWithCancel(Unknown Source)
at java.util.stream.AbstractPipeline.copyInto(Unknown Source)
at java.util.stream.AbstractPipeline.wrapAndCopyInto(Unknown Source)
at java.util.stream.FindOps$FindOp.evaluateSequential(Unknown Source)
at java.util.stream.AbstractPipeline.evaluate(Unknown Source)
at java.util.stream.ReferencePipeline.findFirst(Unknown Source)
at org.openqa.selenium.remote.ProtocolHandshake.createSession(ProtocolHandshake.java:128)
at org.openqa.selenium.remote.ProtocolHandshake.createSession(ProtocolHandshake.java:74)
at org.openqa.selenium.remote.HttpCommandExecutor.execute(HttpCommandExecutor.java:136)
at org.openqa.selenium.remote.service.DriverCommandExecutor.execute(DriverCommandExecutor.java:83)
at org.openqa.selenium.remote.RemoteWebDriver.execute(RemoteWebDriver.java:552)
at org.openqa.selenium.remote.RemoteWebDriver.startSession(RemoteWebDriver.java:213)
at org.openqa.selenium.remote.RemoteWebDriver.<init>(RemoteWebDriver.java:131)
at org.openqa.selenium.chrome.ChromeDriver.<init>(ChromeDriver.java:181)
at org.openqa.selenium.chrome.ChromeDriver.<init>(ChromeDriver.java:168)
at org.openqa.selenium.chrome.ChromeDriver.<init>(ChromeDriver.java:157)
at com.base.BrowerFactory.browserInstance(BrowerFactory.java:31)
at com.base.BaseClass.initializeDriver(BaseClass.java:16)
at com.test.LoginTest.initializeBrowser(LoginTest.java:30)
... Removed 32 stack frames]]>
    </failure>
  </testcase> <!-- @BeforeMethod initializeBrowser -->
  <testcase name="@BeforeMethod initializeBrowser" time="2.063" classname="com.test.LoginTest">
    <failure type="org.openqa.selenium.SessionNotCreatedException" message="session not created: This version of ChromeDriver only supports Chrome version 88
Current browser version is 91.0.4472.106 with binary path C:\Program Files\Google\Chrome\Application\chrome.exe
Build info: version: &amp;apos;3.141.59&amp;apos;, revision: &amp;apos;e82be7d358&amp;apos;, time: &amp;apos;2018-11-14T08:17:03&amp;apos;
System info: host: &amp;apos;DELL&amp;apos;, ip: &amp;apos;192.168.43.210&amp;apos;, os.name: &amp;apos;Windows 7&amp;apos;, os.arch: &amp;apos;amd64&amp;apos;, os.version: &amp;apos;6.1&amp;apos;, java.version: &amp;apos;1.8.0_144&amp;apos;
Driver info: driver.version: ChromeDriver
remote stacktrace: Backtrace:
	GetHandleVerifier [0x00B1B963+483]
	GetHandleVerifier [0x00B1B941+449]
	GetHandleVerifier [0x00EC3308+3832712]
	GetHandleVerifier [0x00EDD69A+3940122]
	GetHandleVerifier [0x00ED9AFB+3924859]
	GetHandleVerifier [0x00ED7D9C+3917340]
	GetHandleVerifier [0x00EFE7FE+4075646]
	GetHandleVerifier [0x00EFE56C+4074988]
	GetHandleVerifier [0x00EFB2EB+4062059]
	GetHandleVerifier [0x00EDED14+3945876]
	GetHandleVerifier [0x00EDFBCE+3949646]
	GetHandleVerifier [0x00EDFB59+3949529]
	Ordinal0 [0x00ADB5CC+46540]
	Ordinal0 [0x00AD9F53+40787]
	Ordinal0 [0x00AD9B12+39698]
	GetHandleVerifier [0x00DE1468+2907368]
	GetHandleVerifier [0x00C271EE+1096302]
	GetHandleVerifier [0x00BE3E8D+821005]
	GetHandleVerifier [0x00BE396B+819691]
	GetHandleVerifier [0x00BE3881+819457]
	GetHandleVerifier [0x00C0F463+998627]
	BaseThreadInitThunk [0x7697344D+18]
	RtlInitializeExceptionChain [0x77459802+99]
	RtlInitializeExceptionChain [0x774597D5+54]
">
      <![CDATA[org.openqa.selenium.SessionNotCreatedException: session not created: This version of ChromeDriver only supports Chrome version 88
Current browser version is 91.0.4472.106 with binary path C:\Program Files\Google\Chrome\Application\chrome.exe
Build info: version: '3.141.59', revision: 'e82be7d358', time: '2018-11-14T08:17:03'
System info: host: 'DELL', ip: '192.168.43.210', os.name: 'Windows 7', os.arch: 'amd64', os.version: '6.1', java.version: '1.8.0_144'
Driver info: driver.version: ChromeDriver
remote stacktrace: Backtrace:
GetHandleVerifier [0x00B1B963+483]
GetHandleVerifier [0x00B1B941+449]
GetHandleVerifier [0x00EC3308+3832712]
GetHandleVerifier [0x00EDD69A+3940122]
GetHandleVerifier [0x00ED9AFB+3924859]
GetHandleVerifier [0x00ED7D9C+3917340]
GetHandleVerifier [0x00EFE7FE+4075646]
GetHandleVerifier [0x00EFE56C+4074988]
GetHandleVerifier [0x00EFB2EB+4062059]
GetHandleVerifier [0x00EDED14+3945876]
GetHandleVerifier [0x00EDFBCE+3949646]
GetHandleVerifier [0x00EDFB59+3949529]
Ordinal0 [0x00ADB5CC+46540]
Ordinal0 [0x00AD9F53+40787]
Ordinal0 [0x00AD9B12+39698]
GetHandleVerifier [0x00DE1468+2907368]
GetHandleVerifier [0x00C271EE+1096302]
GetHandleVerifier [0x00BE3E8D+821005]
GetHandleVerifier [0x00BE396B+819691]
GetHandleVerifier [0x00BE3881+819457]
GetHandleVerifier [0x00C0F463+998627]
BaseThreadInitThunk [0x7697344D+18]
RtlInitializeExceptionChain [0x77459802+99]
RtlInitializeExceptionChain [0x774597D5+54]

at org.openqa.selenium.remote.W3CHandshakeResponse.lambda$errorHandler$0(W3CHandshakeResponse.java:62)
at org.openqa.selenium.remote.HandshakeResponse.lambda$getResponseFunction$0(HandshakeResponse.java:30)
at org.openqa.selenium.remote.ProtocolHandshake.lambda$createSession$0(ProtocolHandshake.java:126)
at java.util.stream.ReferencePipeline$3$1.accept(Unknown Source)
at java.util.Spliterators$ArraySpliterator.tryAdvance(Unknown Source)
at java.util.stream.ReferencePipeline.forEachWithCancel(Unknown Source)
at java.util.stream.AbstractPipeline.copyIntoWithCancel(Unknown Source)
at java.util.stream.AbstractPipeline.copyInto(Unknown Source)
at java.util.stream.AbstractPipeline.wrapAndCopyInto(Unknown Source)
at java.util.stream.FindOps$FindOp.evaluateSequential(Unknown Source)
at java.util.stream.AbstractPipeline.evaluate(Unknown Source)
at java.util.stream.ReferencePipeline.findFirst(Unknown Source)
at org.openqa.selenium.remote.ProtocolHandshake.createSession(ProtocolHandshake.java:128)
at org.openqa.selenium.remote.ProtocolHandshake.createSession(ProtocolHandshake.java:74)
at org.openqa.selenium.remote.HttpCommandExecutor.execute(HttpCommandExecutor.java:136)
at org.openqa.selenium.remote.service.DriverCommandExecutor.execute(DriverCommandExecutor.java:83)
at org.openqa.selenium.remote.RemoteWebDriver.execute(RemoteWebDriver.java:552)
at org.openqa.selenium.remote.RemoteWebDriver.startSession(RemoteWebDriver.java:213)
at org.openqa.selenium.remote.RemoteWebDriver.<init>(RemoteWebDriver.java:131)
at org.openqa.selenium.chrome.ChromeDriver.<init>(ChromeDriver.java:181)
at org.openqa.selenium.chrome.ChromeDriver.<init>(ChromeDriver.java:168)
at org.openqa.selenium.chrome.ChromeDriver.<init>(ChromeDriver.java:157)
at com.base.BrowerFactory.browserInstance(BrowerFactory.java:31)
at com.base.BaseClass.initializeDriver(BaseClass.java:16)
at com.test.LoginTest.initializeBrowser(LoginTest.java:30)
... Removed 32 stack frames]]>
    </failure>
  </testcase> <!-- @BeforeMethod initializeBrowser -->
  <testcase name="valid_userName_and_password" time="0.0" classname="com.test.LoginTest">
    <skipped/>
  </testcase> <!-- valid_userName_and_password -->
  <testcase name="invalid_userName_and_password" time="0.0" classname="com.test.LoginTest">
    <skipped/>
  </testcase> <!-- invalid_userName_and_password -->
  <testcase name="invalid_userName_and_valid_password" time="0.0" classname="com.test.LoginTest">
    <skipped/>
  </testcase> <!-- invalid_userName_and_valid_password -->
  <testcase name="valid_userName_and_invalid_password" time="0.0" classname="com.test.LoginTest">
    <skipped/>
  </testcase> <!-- valid_userName_and_invalid_password -->
</testsuite> <!-- Test -->
